AndFlmsg_Head_CPP/proguard/seeds.txt
com.AndFlmsg.AndFlmsg
com.AndFlmsg.AndFlmsg: android.content.Context myContext
com.AndFlmsg.AndFlmsg: android.view.Window myWindow
com.AndFlmsg.AndFlmsg: boolean RXParamsChanged
com.AndFlmsg.AndFlmsg: android.content.SharedPreferences mysp
com.AndFlmsg.AndFlmsg: int lastMsgScreen
com.AndFlmsg.AndFlmsg: boolean inFormDisplay
com.AndFlmsg.AndFlmsg: java.lang.String welcomeString
com.AndFlmsg.AndFlmsg: boolean hasDisplayedWelcome
com.AndFlmsg.AndFlmsg: android.view.GestureDetector mGesture
com.AndFlmsg.AndFlmsg: int NORMAL
com.AndFlmsg.AndFlmsg: int LEFT
com.AndFlmsg.AndFlmsg: int RIGHT
com.AndFlmsg.AndFlmsg: int TOP
com.AndFlmsg.AndFlmsg: int BOTTOM
com.AndFlmsg.AndFlmsg: int TERMVIEW
com.AndFlmsg.AndFlmsg: int MODEMVIEWnoWF
com.AndFlmsg.AndFlmsg: int MODEMVIEWwithWF
com.AndFlmsg.AndFlmsg: int INBOXVIEW
com.AndFlmsg.AndFlmsg: int DRAFTSVIEW
com.AndFlmsg.AndFlmsg: int OUTBOXVIEW
com.AndFlmsg.AndFlmsg: int FORMSVIEW
com.AndFlmsg.AndFlmsg: int TEMPLATESVIEW
com.AndFlmsg.AndFlmsg: int SENTITEMSVIEW
com.AndFlmsg.AndFlmsg: int LOGSVIEW
com.AndFlmsg.AndFlmsg: int ABOUTVIEW
com.AndFlmsg.AndFlmsg: android.widget.ProgressBar SignalQuality
com.AndFlmsg.AndFlmsg: android.widget.ProgressBar CpuLoad
com.AndFlmsg.AndFlmsg: int currentview
com.AndFlmsg.AndFlmsg: android.widget.Toast myToast
com.AndFlmsg.AndFlmsg: int backKeyPressCount
com.AndFlmsg.AndFlmsg: long lastBackKeyTime
com.AndFlmsg.AndFlmsg: java.lang.String mDisplayForm
com.AndFlmsg.AndFlmsg$1
com.AndFlmsg.AndFlmsg$1: AndFlmsg$1()
com.AndFlmsg.AndFlmsg$1: void run()
com.AndFlmsg.AndFlmsg$10
com.AndFlmsg.AndFlmsg$10: com.AndFlmsg.AndFlmsg this$0
com.AndFlmsg.AndFlmsg$10: AndFlmsg$10(com.AndFlmsg.AndFlmsg)
com.AndFlmsg.AndFlmsg$10: void onDismiss()
com.AndFlmsg.AndFlmsg$10: com.AndFlmsg.AndFlmsg access$0(com.AndFlmsg.AndFlmsg$10)
com.AndFlmsg.AndFlmsg$10$1
com.AndFlmsg.AndFlmsg$10$1: com.AndFlmsg.AndFlmsg$10 this$1
com.AndFlmsg.AndFlmsg$10$1: AndFlmsg$10$1(com.AndFlmsg.AndFlmsg$10)
com.AndFlmsg.AndFlmsg$10$1: void run()
com.AndFlmsg.AndFlmsg$11
com.AndFlmsg.AndFlmsg$11: com.AndFlmsg.AndFlmsg this$0
com.AndFlmsg.AndFlmsg$11: AndFlmsg$11(com.AndFlmsg.AndFlmsg)
com.AndFlmsg.AndFlmsg$11: void run()
com.AndFlmsg.AndFlmsg$12
com.AndFlmsg.AndFlmsg$12: com.AndFlmsg.AndFlmsg this$0
com.AndFlmsg.AndFlmsg$12: AndFlmsg$12(com.AndFlmsg.AndFlmsg)
com.AndFlmsg.AndFlmsg$12: void onReceive(android.content.Context,android.content.Intent)
com.AndFlmsg.AndFlmsg$13
com.AndFlmsg.AndFlmsg$13: com.AndFlmsg.AndFlmsg this$0
com.AndFlmsg.AndFlmsg$13: AndFlmsg$13(com.AndFlmsg.AndFlmsg)
com.AndFlmsg.AndFlmsg$13: void onNmeaReceived(long,java.lang.String)
com.AndFlmsg.AndFlmsg$14
com.AndFlmsg.AndFlmsg$14: com.AndFlmsg.AndFlmsg this$0
com.AndFlmsg.AndFlmsg$14: AndFlmsg$14(com.AndFlmsg.AndFlmsg)
com.AndFlmsg.AndFlmsg$14: void onClick(android.content.DialogInterface,int)
com.AndFlmsg.AndFlmsg$15
com.AndFlmsg.AndFlmsg$15: com.AndFlmsg.AndFlmsg this$0
com.AndFlmsg.AndFlmsg$15: AndFlmsg$15(com.AndFlmsg.AndFlmsg)
com.AndFlmsg.AndFlmsg$15: void onClick(android.content.DialogInterface,int)
com.AndFlmsg.AndFlmsg$16
com.AndFlmsg.AndFlmsg$16: com.AndFlmsg.AndFlmsg this$0
com.AndFlmsg.AndFlmsg$16: AndFlmsg$16(com.AndFlmsg.AndFlmsg)
com.AndFlmsg.AndFlmsg$16: void onClick(android.content.DialogInterface,int)
com.AndFlmsg.AndFlmsg$17
com.AndFlmsg.AndFlmsg$17: com.AndFlmsg.AndFlmsg this$0
com.AndFlmsg.AndFlmsg$17: AndFlmsg$17(com.AndFlmsg.AndFlmsg)
com.AndFlmsg.AndFlmsg$17: void onClick(android.content.DialogInterface,int)
com.AndFlmsg.AndFlmsg$18
com.AndFlmsg.AndFlmsg$18: com.AndFlmsg.AndFlmsg this$0
com.AndFlmsg.AndFlmsg$18: AndFlmsg$18(com.AndFlmsg.AndFlmsg)
com.AndFlmsg.AndFlmsg$18: void onClick(android.view.View)
...
android.support.v4.view.GestureDetectorCompat
android.support.v4.view.GestureDetectorCompat: android.support.v4.view.GestureDetectorCompat$GestureDetectorCompatImpl mImpl
android.support.v4.view.GestureDetectorCompat: GestureDetectorCompat(android.content.Context,android.view.GestureDetector$OnGestureListener)
android.support.v4.view.GestureDetectorCompat: GestureDetectorCompat(android.content.Context,android.view.GestureDetector$OnGestureListener,android.os.Handler)
android.support.v4.view.GestureDetectorCompat: boolean isLongpressEnabled()
android.support.v4.view.GestureDetectorCompat: boolean onTouchEvent(android.view.MotionEvent)
android.support.v4.view.GestureDetectorCompat: void setIsLongpressEnabled(boolean)
android.support.v4.view.GestureDetectorCompat: void setOnDoubleTapListener(android.view.GestureDetector$OnDoubleTapListener)
android.support.v4.view.GestureDetectorCompat$GestureDetectorCompatImpl
android.support.v4.view.GestureDetectorCompat$GestureDetectorCompatImpl: boolean isLongpressEnabled()
android.support.v4.view.GestureDetectorCompat$GestureDetectorCompatImpl: boolean onTouchEvent(android.view.MotionEvent)
android.support.v4.view.GestureDetectorCompat$GestureDetectorCompatImpl: void setIsLongpressEnabled(boolean)
android.support.v4.view.GestureDetectorCompat$GestureDetectorCompatImpl: void setOnDoubleTapListener(android.view.GestureDetector$OnDoubleTapListener)
android.support.v4.view.GestureDetectorCompat$GestureDetectorCompatImplBase
android.support.v4.view.GestureDetectorCompat$GestureDetectorCompatImplBase: int mTouchSlopSquare
android.support.v4.view.GestureDetectorCompat$GestureDetectorCompatImplBase: int mDoubleTapSlopSquare
android.support.v4.view.GestureDetectorCompat$GestureDetectorCompatImplBase: int mMinimumFlingVelocity
android.support.v4.view.GestureDetectorCompat$GestureDetectorCompatImplBase: int mMaximumFlingVelocity
android.support.v4.view.GestureDetectorCompat$GestureDetectorCompatImplBase: int LONGPRESS_TIMEOUT
android.support.v4.view.GestureDetectorCompat$GestureDetectorCompatImplBase: int TAP_TIMEOUT
android.support.v4.view.GestureDetectorCompat$GestureDetectorCompatImplBase: int DOUBLE_TAP_TIMEOUT
android.support.v4.view.GestureDetectorCompat$GestureDetectorCompatImplBase: int SHOW_PRESS
android.support.v4.view.GestureDetectorCompat$GestureDetectorCompatImplBase: int LONG_PRESS
android.support.v4.view.GestureDetectorCompat$GestureDetectorCompatImplBase: int TAP
android.support.v4.view.GestureDetectorCompat$GestureDetectorCompatImplBase: android.os.Handler mHandler
android.support.v4.view.GestureDetectorCompat$GestureDetectorCompatImplBase: android.view.GestureDetector$OnGestureListener mListener
android.support.v4.view.GestureDetectorCompat$GestureDetectorCompatImplBase: android.view.GestureDetector$OnDoubleTapListener mDoubleTapListener
android.support.v4.view.GestureDetectorCompat$GestureDetectorCompatImplBase$GestureHandler
android.support.v4.view.GestureDetectorCompat$GestureDetectorCompatImplBase$GestureHandler: android.support.v4.view.GestureDetectorCompat$GestureDetectorCompatImplBase this$0
android.support.v4.view.GestureDetectorCompat$GestureDetectorCompatImplBase$GestureHandler: GestureDetectorCompat$GestureDetectorCompatImplBase$GestureHandler(android.support.v4.view.GestureDetectorCompat$GestureDetectorCompatImplBase)
android.support.v4.view.GestureDetectorCompat$GestureDetectorCompatImplBase$GestureHandler: GestureDetectorCompat$GestureDetectorCompatImplBase$GestureHandler(android.support.v4.view.GestureDetectorCompat$GestureDetectorCompatImplBase,android.os.Handler)
android.support.v4.view.GestureDetectorCompat$GestureDetectorCompatImplBase$GestureHandler: void handleMessage(android.os.Message)