AndFlmsg_Head_CPP/proguard/mapping.txt
com.AndFlmsg.AndFlmsg -> com.AndFlmsg.AndFlmsg:
    android.content.Context myContext -> myContext
    android.view.Window myWindow -> myWindow
    boolean RXParamsChanged -> RXParamsChanged
    android.content.SharedPreferences mysp -> mysp
    int lastMsgScreen -> lastMsgScreen
    boolean inFormDisplay -> inFormDisplay
    java.lang.String welcomeString -> welcomeString
    boolean hasDisplayedWelcome -> hasDisplayedWelcome
    android.view.GestureDetector mGesture -> mGesture
    int NORMAL -> NORMAL
    int LEFT -> LEFT
    int RIGHT -> RIGHT
    int TOP -> TOP
    int BOTTOM -> BOTTOM
    int TERMVIEW -> TERMVIEW
    int MODEMVIEWnoWF -> MODEMVIEWnoWF
    int MODEMVIEWwithWF -> MODEMVIEWwithWF
    int INBOXVIEW -> INBOXVIEW
    int DRAFTSVIEW -> DRAFTSVIEW
    int OUTBOXVIEW -> OUTBOXVIEW
    int FORMSVIEW -> FORMSVIEW
    int TEMPLATESVIEW -> TEMPLATESVIEW
    int SENTITEMSVIEW -> SENTITEMSVIEW
    int LOGSVIEW -> LOGSVIEW
    int ABOUTVIEW -> ABOUTVIEW
    android.widget.ProgressBar SignalQuality -> SignalQuality
    android.widget.ProgressBar CpuLoad -> CpuLoad
    int currentview -> currentview
    android.widget.Toast myToast -> myToast
    int backKeyPressCount -> backKeyPressCount
    long lastBackKeyTime -> lastBackKeyTime
    java.lang.String mDisplayForm -> mDisplayForm
    java.lang.String mFileName -> mFileName
    java.lang.String mHeader -> mHeader
    android.widget.TextView myTermTV -> myTermTV
com.AndFlmsg.AndFlmsg$1 -> com.AndFlmsg.AndFlmsg$1:
    272:276:void run() -> run
com.AndFlmsg.AndFlmsg$10 -> com.AndFlmsg.AndFlmsg$10:
    com.AndFlmsg.AndFlmsg this$0 -> this$0
    1843:1851:void onDismiss() -> onDismiss
    1841:1841:com.AndFlmsg.AndFlmsg access$0(com.AndFlmsg.AndFlmsg$10) -> access$0
com.AndFlmsg.AndFlmsg$10$1 -> com.AndFlmsg.AndFlmsg$10$1:
    com.AndFlmsg.AndFlmsg$10 this$1 -> this$1
    1846:1849:void run() -> run
com.AndFlmsg.AndFlmsg$11 -> com.AndFlmsg.AndFlmsg$11:
    com.AndFlmsg.AndFlmsg this$0 -> this$0
    442:474:void run() -> run
com.AndFlmsg.AndFlmsg$12 -> com.AndFlmsg.AndFlmsg$12:
    com.AndFlmsg.AndFlmsg this$0 -> this$0
    723:740:void onReceive(android.content.Context,android.content.Intent) -> onReceive
com.AndFlmsg.AndFlmsg$13 -> com.AndFlmsg.AndFlmsg$13:
    com.AndFlmsg.AndFlmsg this$0 -> this$0
    765:817:void onNmeaReceived(long,java.lang.String) -> onNmeaReceived
com.AndFlmsg.AndFlmsg$14 -> com.AndFlmsg.AndFlmsg$14:
    com.AndFlmsg.AndFlmsg this$0 -> this$0
    1103:1108:void onClick(android.content.DialogInterface,int) -> onClick
com.AndFlmsg.AndFlmsg$15 -> com.AndFlmsg.AndFlmsg$15:
    com.AndFlmsg.AndFlmsg this$0 -> this$0
    1112:1113:void onClick(android.content.DialogInterface,int) -> onClick
com.AndFlmsg.AndFlmsg$16 -> com.AndFlmsg.AndFlmsg$16:
    com.AndFlmsg.AndFlmsg this$0 -> this$0
    1125:1138:void onClick(android.content.DialogInterface,int) -> onClick
com.AndFlmsg.AndFlmsg$17 -> com.AndFlmsg.AndFlmsg$17:
    com.AndFlmsg.AndFlmsg this$0 -> this$0
    1142:1143:void onClick(android.content.DialogInterface,int) -> onClick
com.AndFlmsg.AndFlmsg$18 -> com.AndFlmsg.AndFlmsg$18:
    com.AndFlmsg.AndFlmsg this$0 -> this$0
    1319:1335:void onClick(android.view.View) -> onClick
com.AndFlmsg.AndFlmsg$19 -> com.AndFlmsg.AndFlmsg$19:
    com.AndFlmsg.AndFlmsg this$0 -> this$0
    android.view.View val$fileNameDialogView -> val$fileNameDialogView
    1354:1357:void onClick(android.content.DialogInterface,int) -> onClick
com.AndFlmsg.AndFlmsg$2 -> com.AndFlmsg.AndFlmsg$2:
    282:306:void run() -> run
com.AndFlmsg.AndFlmsg$20 -> com.AndFlmsg.AndFlmsg$20:
    com.AndFlmsg.AndFlmsg this$0 -> this$0
    android.view.View val$fileNameDialogView -> val$fileNameDialogView
    java.lang.String val$savedFilePath -> val$savedFilePath
    java.lang.String val$savedDataBuffer -> val$savedDataBuffer
    1361:1379:void onClick(android.content.DialogInterface,int) -> onClick
...
ar.com.daidalos.afiledialog.FileChooserCore$OnFileSelectedListener -> ar.com.daidalos.afiledialog.FileChooserCore$OnFileSelectedListener:
    void onFileSelected(java.io.File) -> onFileSelected
    void onFileSelected(java.io.File,java.lang.String) -> onFileSelected
ar.com.daidalos.afiledialog.FileChooserDialog -> ar.com.daidalos.afiledialog.FileChooserDialog:
    ar.com.daidalos.afiledialog.FileChooserCore core -> core
    java.util.List listeners -> listeners
    118:119:void addListener(ar.com.daidalos.afiledialog.FileChooserDialog$OnFileSelectedListener) -> addListener
    127:128:void removeListener(ar.com.daidalos.afiledialog.FileChooserDialog$OnFileSelectedListener) -> removeListener
    134:135:void removeAllListeners() -> removeAllListeners
    166:167:void setFilter(java.lang.String) -> setFilter
    175:176:void setShowOnlySelectable(boolean) -> setShowOnlySelectable
    182:183:void loadFolder() -> loadFolder
    193:194:void loadFolder(java.lang.String) -> loadFolder
    202:203:void setFolderMode(boolean) -> setFolderMode
    211:212:void setCanCreateFiles(boolean) -> setCanCreateFiles
    220:221:void setLabels(ar.com.daidalos.afiledialog.FileChooserLabels) -> setLabels
    230:232:void setShowConfirmation(boolean,boolean) -> setShowConfirmation
    240:241:void setShowFullPath(boolean) -> setShowFullPath
    246:247:android.widget.LinearLayout getRootLayout() -> getRootLayout
    251:252:void setCurrentFolderName(java.lang.String) -> setCurrentFolderName
    49:49:java.util.List access$0(ar.com.daidalos.afiledialog.FileChooserDialog) -> access$0
ar.com.daidalos.afiledialog.FileChooserDialog$1 -> ar.com.daidalos.afiledialog.FileChooserDialog$1:
    ar.com.daidalos.afiledialog.FileChooserDialog this$0 -> this$0
    97:100:void onFileSelected(java.io.File,java.lang.String) -> onFileSelected
    103:106:void onFileSelected(java.io.File) -> onFileSelected
ar.com.daidalos.afiledialog.FileChooserDialog$OnFileSelectedListener -> ar.com.daidalos.afiledialog.FileChooserDialog$OnFileSelectedListener:
    void onFileSelected(android.app.Dialog,java.io.File) -> onFileSelected
    void onFileSelected(android.app.Dialog,java.io.File,java.lang.String) -> onFileSelected
ar.com.daidalos.afiledialog.FileChooserLabels -> ar.com.daidalos.afiledialog.FileChooserLabels:
    long serialVersionUID -> serialVersionUID
    java.lang.String labelAddButton -> labelAddButton
    java.lang.String labelSelectButton -> labelSelectButton
    java.lang.String messageConfirmSelection -> messageConfirmSelection
    java.lang.String messageConfirmCreation -> messageConfirmCreation
    java.lang.String labelConfirmYesButton -> labelConfirmYesButton
    java.lang.String labelConfirmNoButton -> labelConfirmNoButton
    java.lang.String createFileDialogTitle -> createFileDialogTitle
    java.lang.String createFileDialogMessage -> createFileDialogMessage
    java.lang.String createFileDialogAcceptButton -> createFileDialogAcceptButton
    java.lang.String createFileDialogCancelButton -> createFileDialogCancelButton
ar.com.daidalos.afiledialog.R -> ar.com.daidalos.afiledialog.R:
ar.com.daidalos.afiledialog.R$color -> ar.com.daidalos.afiledialog.R$color:
    int daidalos_active_file -> daidalos_active_file
    int daidalos_backgroud -> daidalos_backgroud
    int daidalos_gray -> daidalos_gray
    int daidalos_inactive_file -> daidalos_inactive_file
ar.com.daidalos.afiledialog.R$drawable -> ar.com.daidalos.afiledialog.R$drawable:
    int add -> add
    int document -> document
    int document_gray -> document_gray
    int folder -> folder
    int ic_launcher -> ic_launcher
    int no -> no
    int tick -> tick